<?xml version="1.0" encoding="UTF-8"?>
<testng-results ignored="0" total="2" passed="2" failed="0" skipped="0">
  <reporter-output>
  </reporter-output>
  <suite started-at="2024-01-15T11:20:25 IST" name="Default suite" finished-at="2024-01-15T11:20:31 IST" duration-ms="5571">
    <groups>
    </groups>
    <test started-at="2024-01-15T11:20:25 IST" name="Default test" finished-at="2024-01-15T11:20:31 IST" duration-ms="5571">
      <class name="testpackage.Test1">
        <test-method signature="getUserId()[pri:0, instance:testpackage.Test1@28f3b248]" started-at="2024-01-15T11:20:25 IST" name="getUserId" finished-at="2024-01-15T11:20:29 IST" duration-ms="4001" status="PASS">
          <reporter-output>
          </reporter-output>
        </test-method> <!-- getUserId -->
        <test-method signature="tc1()[pri:0, instance:testpackage.Test1@28f3b248]" started-at="2024-01-15T11:20:29 IST" name="tc1" finished-at="2024-01-15T11:20:31 IST" duration-ms="1513" status="PASS">
          <reporter-output>
          </reporter-output>
        </test-method> <!-- tc1 -->
      </class> <!-- testpackage.Test1 -->
    </test> <!-- Default test -->
  </suite> <!-- Default suite -->
</testng-results>
